{"/Users/void/Projects/Hexlet/Projects/frontend-project-lvl2/src/index.js": {"path":"/Users/void/Projects/Hexlet/Projects/frontend-project-lvl2/src/index.js","statementMap":{"0":{"start":{"line":5,"column":16},"end":{"line":10,"column":1}},"1":{"start":{"line":6,"column":19},"end":{"line":6,"column":56}},"2":{"start":{"line":7,"column":19},"end":{"line":7,"column":44}},"3":{"start":{"line":8,"column":20},"end":{"line":8,"column":40}},"4":{"start":{"line":9,"column":2},"end":{"line":9,"column":19}},"5":{"start":{"line":12,"column":16},"end":{"line":32,"column":1}},"6":{"start":{"line":13,"column":17},"end":{"line":13,"column":37}},"7":{"start":{"line":14,"column":16},"end":{"line":14,"column":37}},"8":{"start":{"line":15,"column":18},"end":{"line":15,"column":41}},"9":{"start":{"line":16,"column":15},"end":{"line":16,"column":30}},"10":{"start":{"line":17,"column":14},"end":{"line":17,"column":19}},"11":{"start":{"line":18,"column":20},"end":{"line":30,"column":9}},"12":{"start":{"line":19,"column":17},"end":{"line":19,"column":46}},"13":{"start":{"line":20,"column":23},"end":{"line":20,"column":78}},"14":{"start":{"line":20,"column":45},"end":{"line":20,"column":78}},"15":{"start":{"line":22,"column":4},"end":{"line":28,"column":5}},"16":{"start":{"line":23,"column":6},"end":{"line":26,"column":7}},"17":{"start":{"line":24,"column":8},"end":{"line":24,"column":21}},"18":{"start":{"line":25,"column":8},"end":{"line":25,"column":49}},"19":{"start":{"line":27,"column":6},"end":{"line":27,"column":51}},"20":{"start":{"line":27,"column":38},"end":{"line":27,"column":51}},"21":{"start":{"line":29,"column":4},"end":{"line":29,"column":56}},"22":{"start":{"line":31,"column":2},"end":{"line":31,"column":38}}},"fnMap":{"0":{"name":"(anonymous_0)","decl":{"start":{"line":5,"column":16},"end":{"line":5,"column":17}},"loc":{"start":{"line":5,"column":30},"end":{"line":10,"column":1}},"line":5},"1":{"name":"(anonymous_1)","decl":{"start":{"line":12,"column":16},"end":{"line":12,"column":17}},"loc":{"start":{"line":12,"column":47},"end":{"line":32,"column":1}},"line":12},"2":{"name":"(anonymous_2)","decl":{"start":{"line":18,"column":32},"end":{"line":18,"column":33}},"loc":{"start":{"line":18,"column":46},"end":{"line":30,"column":3}},"line":18},"3":{"name":"(anonymous_3)","decl":{"start":{"line":20,"column":23},"end":{"line":20,"column":24}},"loc":{"start":{"line":20,"column":45},"end":{"line":20,"column":78}},"line":20}},"branchMap":{"0":{"loc":{"start":{"line":19,"column":17},"end":{"line":19,"column":46}},"type":"cond-expr","locations":[{"start":{"line":19,"column":37},"end":{"line":19,"column":40}},{"start":{"line":19,"column":43},"end":{"line":19,"column":46}}],"line":19},"1":{"loc":{"start":{"line":22,"column":4},"end":{"line":28,"column":5}},"type":"if","locations":[{"start":{"line":22,"column":4},"end":{"line":28,"column":5}},{"start":{"line":22,"column":4},"end":{"line":28,"column":5}}],"line":22},"2":{"loc":{"start":{"line":22,"column":8},"end":{"line":22,"column":47}},"type":"binary-expr","locations":[{"start":{"line":22,"column":8},"end":{"line":22,"column":25}},{"start":{"line":22,"column":29},"end":{"line":22,"column":47}}],"line":22},"3":{"loc":{"start":{"line":23,"column":6},"end":{"line":26,"column":7}},"type":"if","locations":[{"start":{"line":23,"column":6},"end":{"line":26,"column":7}},{"start":{"line":23,"column":6},"end":{"line":26,"column":7}}],"line":23},"4":{"loc":{"start":{"line":27,"column":6},"end":{"line":27,"column":51}},"type":"if","locations":[{"start":{"line":27,"column":6},"end":{"line":27,"column":51}},{"start":{"line":27,"column":6},"end":{"line":27,"column":51}}],"line":27}},"s":{"0":1,"1":0,"2":0,"3":0,"4":0,"5":1,"6":0,"7":0,"8":0,"9":0,"10":0,"11":0,"12":0,"13":0,"14":0,"15":0,"16":0,"17":0,"18":0,"19":0,"20":0,"21":0,"22":0},"f":{"0":0,"1":0,"2":0,"3":0},"b":{"0":[0,0],"1":[0,0],"2":[0,0],"3":[0,0],"4":[0,0]},"_coverageSchema":"1a1c01bbd47fc00a2c39e90264f33305004495a9","hash":"06e664367bb0a68987575e4c96a9ad04db01b40f"}
}
